{"/home/travis/build/kaizhu256/node-sandbox2/test.js":{"path":"/home/travis/build/kaizhu256/node-sandbox2/test.js","s":{"1":2,"2":2,"3":2,"4":2,"5":2,"6":2,"7":2,"8":1,"9":2,"10":2,"11":2,"12":2,"13":2,"14":2,"15":1,"16":1,"17":2,"18":2,"19":2,"20":1,"21":1,"22":1,"23":0,"24":0,"25":1,"26":1,"27":1,"28":1,"29":0,"30":0,"31":1,"32":0,"33":0,"34":0,"35":0,"36":0,"37":0,"38":1,"39":0,"40":0,"41":1,"42":0,"43":0,"44":1,"45":0,"46":0,"47":1,"48":0,"49":0,"50":1,"51":0,"52":0,"53":1,"54":1},"b":{"1":[2,1,1,1],"2":[1,1,1,1],"3":[1,1],"4":[2,1],"5":[1,1],"6":[1,1],"7":[1,1],"8":[1,1],"9":[0,0],"10":[0,0],"11":[1,0],"12":[1,1],"13":[1,0],"14":[1,0],"15":[1,0],"16":[1,0],"17":[1,0],"18":[1,0],"19":[1,0],"20":[0,0]},"f":{"1":2,"2":2,"3":2,"4":2,"5":2,"6":1,"7":0,"8":0,"9":0,"10":0,"11":0,"12":0,"13":0,"14":0},"fnMap":{"1":{"name":"(anonymous_1)","line":12,"loc":{"start":{"line":12,"column":1},"end":{"line":12,"column":13}}},"2":{"name":"(anonymous_2)","line":19,"loc":{"start":{"line":19,"column":5},"end":{"line":19,"column":17}}},"3":{"name":"(anonymous_3)","line":23,"loc":{"start":{"line":23,"column":24},"end":{"line":23,"column":36}}},"4":{"name":"(anonymous_4)","line":50,"loc":{"start":{"line":50,"column":5},"end":{"line":50,"column":17}}},"5":{"name":"(anonymous_5)","line":71,"loc":{"start":{"line":71,"column":5},"end":{"line":71,"column":17}}},"6":{"name":"(anonymous_6)","line":80,"loc":{"start":{"line":80,"column":77},"end":{"line":83,"column":10}}},"7":{"name":"(anonymous_7)","line":91,"loc":{"start":{"line":91,"column":12},"end":{"line":91,"column":37}}},"8":{"name":"(anonymous_8)","line":113,"loc":{"start":{"line":113,"column":83},"end":{"line":116,"column":10}},"skip":true},"9":{"name":"(anonymous_9)","line":124,"loc":{"start":{"line":124,"column":77},"end":{"line":127,"column":10}},"skip":true},"10":{"name":"(anonymous_10)","line":140,"loc":{"start":{"line":140,"column":12},"end":{"line":140,"column":40}},"skip":true},"11":{"name":"(anonymous_11)","line":148,"loc":{"start":{"line":148,"column":77},"end":{"line":151,"column":10}},"skip":true},"12":{"name":"(anonymous_12)","line":159,"loc":{"start":{"line":159,"column":83},"end":{"line":162,"column":10}},"skip":true},"13":{"name":"(anonymous_13)","line":170,"loc":{"start":{"line":170,"column":79},"end":{"line":173,"column":10}},"skip":true},"14":{"name":"(anonymous_14)","line":181,"loc":{"start":{"line":181,"column":75},"end":{"line":184,"column":10}},"skip":true}},"statementMap":{"1":{"start":{"line":12,"column":0},"end":{"line":204,"column":5}},"2":{"start":{"line":14,"column":4},"end":{"line":14,"column":14}},"3":{"start":{"line":19,"column":4},"end":{"line":45,"column":9}},"4":{"start":{"line":21,"column":8},"end":{"line":21,"column":19}},"5":{"start":{"line":23,"column":8},"end":{"line":35,"column":13}},"6":{"start":{"line":24,"column":12},"end":{"line":34,"column":13}},"7":{"start":{"line":25,"column":16},"end":{"line":28,"column":30}},"8":{"start":{"line":30,"column":16},"end":{"line":33,"column":27}},"9":{"start":{"line":37,"column":8},"end":{"line":39,"column":21}},"10":{"start":{"line":41,"column":8},"end":{"line":42,"column":49}},"11":{"start":{"line":44,"column":8},"end":{"line":44,"column":33}},"12":{"start":{"line":50,"column":4},"end":{"line":52,"column":9}},"13":{"start":{"line":51,"column":8},"end":{"line":51,"column":15}},"14":{"start":{"line":53,"column":4},"end":{"line":66,"column":5}},"15":{"start":{"line":59,"column":8},"end":{"line":59,"column":14}},"16":{"start":{"line":65,"column":8},"end":{"line":65,"column":14}},"17":{"start":{"line":71,"column":4},"end":{"line":73,"column":9}},"18":{"start":{"line":72,"column":8},"end":{"line":72,"column":15}},"19":{"start":{"line":74,"column":4},"end":{"line":203,"column":5}},"20":{"start":{"line":80,"column":8},"end":{"line":88,"column":10}},"21":{"start":{"line":87,"column":12},"end":{"line":87,"column":35}},"22":{"start":{"line":90,"column":8},"end":{"line":100,"column":14}},"23":{"start":{"line":96,"column":16},"end":{"line":96,"column":31}},"24":{"start":{"line":97,"column":16},"end":{"line":99,"column":63}},"25":{"start":{"line":103,"column":8},"end":{"line":105,"column":9}},"26":{"start":{"line":104,"column":12},"end":{"line":104,"column":62}},"27":{"start":{"line":106,"column":8},"end":{"line":106,"column":14}},"28":{"start":{"line":113,"column":8},"end":{"line":122,"column":10},"skip":true},"29":{"start":{"line":120,"column":12},"end":{"line":120,"column":55},"skip":true},"30":{"start":{"line":121,"column":12},"end":{"line":121,"column":48},"skip":true},"31":{"start":{"line":124,"column":8},"end":{"line":137,"column":10},"skip":true},"32":{"start":{"line":131,"column":12},"end":{"line":131,"column":76},"skip":true},"33":{"start":{"line":132,"column":12},"end":{"line":132,"column":73},"skip":true},"34":{"start":{"line":133,"column":12},"end":{"line":133,"column":74},"skip":true},"35":{"start":{"line":134,"column":12},"end":{"line":134,"column":79},"skip":true},"36":{"start":{"line":135,"column":12},"end":{"line":135,"column":25},"skip":true},"37":{"start":{"line":136,"column":12},"end":{"line":136,"column":45},"skip":true},"38":{"start":{"line":139,"column":8},"end":{"line":146,"column":14},"skip":true},"39":{"start":{"line":144,"column":16},"end":{"line":144,"column":29},"skip":true},"40":{"start":{"line":145,"column":16},"end":{"line":145,"column":55},"skip":true},"41":{"start":{"line":148,"column":8},"end":{"line":157,"column":10},"skip":true},"42":{"start":{"line":155,"column":12},"end":{"line":155,"column":25},"skip":true},"43":{"start":{"line":156,"column":12},"end":{"line":156,"column":45},"skip":true},"44":{"start":{"line":159,"column":8},"end":{"line":168,"column":10},"skip":true},"45":{"start":{"line":166,"column":12},"end":{"line":166,"column":25},"skip":true},"46":{"start":{"line":167,"column":12},"end":{"line":167,"column":48},"skip":true},"47":{"start":{"line":170,"column":8},"end":{"line":179,"column":10},"skip":true},"48":{"start":{"line":177,"column":12},"end":{"line":177,"column":25},"skip":true},"49":{"start":{"line":178,"column":12},"end":{"line":178,"column":46},"skip":true},"50":{"start":{"line":181,"column":8},"end":{"line":198,"column":10},"skip":true},"51":{"start":{"line":188,"column":12},"end":{"line":196,"column":14},"skip":true},"52":{"start":{"line":197,"column":12},"end":{"line":197,"column":48},"skip":true},"53":{"start":{"line":201,"column":8},"end":{"line":201,"column":35},"skip":true},"54":{"start":{"line":202,"column":8},"end":{"line":202,"column":14},"skip":true}},"branchMap":{"1":{"line":25,"type":"binary-expr","locations":[{"start":{"line":25,"column":23},"end":{"line":25,"column":62}},{"start":{"line":26,"column":20},"end":{"line":26,"column":70}},{"start":{"line":27,"column":20},"end":{"line":27,"column":71}},{"start":{"line":28,"column":20},"end":{"line":28,"column":29}}]},"2":{"line":30,"type":"binary-expr","locations":[{"start":{"line":30,"column":23},"end":{"line":30,"column":37}},{"start":{"line":31,"column":20},"end":{"line":31,"column":61}},{"start":{"line":32,"column":20},"end":{"line":32,"column":70}},{"start":{"line":33,"column":20},"end":{"line":33,"column":26}}]},"3":{"line":37,"type":"cond-expr","locations":[{"start":{"line":38,"column":14},"end":{"line":38,"column":20}},{"start":{"line":39,"column":14},"end":{"line":39,"column":20}}]},"4":{"line":41,"type":"binary-expr","locations":[{"start":{"line":41,"column":38},"end":{"line":41,"column":59}},{"start":{"line":42,"column":12},"end":{"line":42,"column":31}}]},"5":{"line":53,"type":"switch","locations":[{"start":{"line":58,"column":4},"end":{"line":59,"column":14}},{"start":{"line":64,"column":4},"end":{"line":65,"column":14}}]},"6":{"line":74,"type":"switch","locations":[{"start":{"line":79,"column":4},"end":{"line":106,"column":14}},{"start":{"line":112,"column":4},"end":{"line":202,"column":14},"skip":true}]},"7":{"line":80,"type":"binary-expr","locations":[{"start":{"line":80,"column":42},"end":{"line":80,"column":73}},{"start":{"line":80,"column":77},"end":{"line":88,"column":9}}]},"8":{"line":90,"type":"binary-expr","locations":[{"start":{"line":90,"column":49},"end":{"line":90,"column":87}},{"start":{"line":91,"column":12},"end":{"line":100,"column":13}}]},"9":{"line":97,"type":"cond-expr","locations":[{"start":{"line":98,"column":22},"end":{"line":98,"column":94}},{"start":{"line":99,"column":22},"end":{"line":99,"column":62}}]},"10":{"line":97,"type":"binary-expr","locations":[{"start":{"line":97,"column":23},"end":{"line":97,"column":54}},{"start":{"line":97,"column":58},"end":{"line":97,"column":94}}]},"11":{"line":103,"type":"if","locations":[{"start":{"line":103,"column":8},"end":{"line":103,"column":8}},{"start":{"line":103,"column":8},"end":{"line":103,"column":8}}]},"12":{"line":103,"type":"binary-expr","locations":[{"start":{"line":103,"column":12},"end":{"line":103,"column":26}},{"start":{"line":103,"column":30},"end":{"line":103,"column":71}}]},"13":{"line":113,"type":"binary-expr","locations":[{"start":{"line":113,"column":45},"end":{"line":113,"column":79},"skip":true},{"start":{"line":113,"column":83},"end":{"line":122,"column":9},"skip":true}]},"14":{"line":124,"type":"binary-expr","locations":[{"start":{"line":124,"column":42},"end":{"line":124,"column":73},"skip":true},{"start":{"line":124,"column":77},"end":{"line":137,"column":9},"skip":true}]},"15":{"line":139,"type":"binary-expr","locations":[{"start":{"line":139,"column":48},"end":{"line":139,"column":85},"skip":true},{"start":{"line":140,"column":12},"end":{"line":146,"column":13},"skip":true}]},"16":{"line":148,"type":"binary-expr","locations":[{"start":{"line":148,"column":42},"end":{"line":148,"column":73},"skip":true},{"start":{"line":148,"column":77},"end":{"line":157,"column":9},"skip":true}]},"17":{"line":159,"type":"binary-expr","locations":[{"start":{"line":159,"column":45},"end":{"line":159,"column":79},"skip":true},{"start":{"line":159,"column":83},"end":{"line":168,"column":9},"skip":true}]},"18":{"line":170,"type":"binary-expr","locations":[{"start":{"line":170,"column":43},"end":{"line":170,"column":75},"skip":true},{"start":{"line":170,"column":79},"end":{"line":179,"column":9},"skip":true}]},"19":{"line":181,"type":"binary-expr","locations":[{"start":{"line":181,"column":41},"end":{"line":181,"column":71},"skip":true},{"start":{"line":181,"column":75},"end":{"line":198,"column":9},"skip":true}]},"20":{"line":192,"type":"cond-expr","locations":[{"start":{"line":194,"column":22},"end":{"line":194,"column":59},"skip":true},{"start":{"line":195,"column":22},"end":{"line":195,"column":78},"skip":true}]}},"code":["/* istanbul instrument in package sandbox2 */","/*jslint","    bitwise: true,","    browser: true,","    maxerr: 8,","    maxlen: 100,","    node: true,","    nomen: true,","    regexp: true,","    stupid: true","*/","(function () {","    'use strict';","    var local;","","","","    // run shared js-env code - init-before","    (function () {","        // init local","        local = {};","        // init modeJs","        local.modeJs = (function () {","            try {","                return typeof navigator.userAgent === 'string' &&","                    typeof document.querySelector('body') === 'object' &&","                    typeof XMLHttpRequest.prototype.open === 'function' &&","                    'browser';","            } catch (errorCaughtBrowser) {","                return module.exports &&","                    typeof process.versions.node === 'string' &&","                    typeof require('http').createServer === 'function' &&","                    'node';","            }","        }());","        // init global","        local.global = local.modeJs === 'browser'","            ? window","            : global;","        // re-init local","        local = local.global.local = (local.global.utility2 ||","            require('utility2')).requireReadme();","        // init test","        local.testRunInit(local);","    }());","","","","    // run shared js-env code - function","    (function () {","        return;","    }());","    switch (local.modeJs) {","","","","    // run browser js-env code - function","    case 'browser':","        break;","","","","    // run node js-env code - function","    case 'node':","        break;","    }","","","","    // run shared js-env code - init-after","    (function () {","        return;","    }());","    switch (local.modeJs) {","","","","    // run browser js-env code - init-after","    case 'browser':","        local.testCase_browser_nullCase = local.testCase_browser_nullCase || function (","            options,","            onError","        ) {","        /*","         * this function will test browser's null-case handling-behavior","         */","            onError(null, options);","        };","","        local.utility2.ajaxForwardProxyUrlTest = local.utility2.ajaxForwardProxyUrlTest ||","            function (url, location) {","            /*","             * this function will test if the url requires forward-proxy","             */","                // jslint-hack","                local.nop(url);","                return local.env.npm_package_nameAlias && (/\\bgithub.io$/).test(location.host)","                    ? 'https://h1-' + local.env.npm_package_nameAlias + '-alpha.herokuapp.com'","                    : location.protocol + '//' + location.host;","            };","","        // run tests","        if (local.modeTest && document.querySelector('#testRunButton1')) {","            document.querySelector('#testRunButton1').click();","        }","        break;","","","","    // run node js-env code - init-after","    /* istanbul ignore next */","    case 'node':","        local.testCase_buildApidoc_default = local.testCase_buildApidoc_default || function (","            options,","            onError","        ) {","        /*","         * this function will test buildApidoc's default handling-behavior","         */","            options = { modulePathList: module.paths };","            local.buildApidoc(options, onError);","        };","","        local.testCase_buildApp_default = local.testCase_buildApp_default || function (","            options,","            onError","        ) {","        /*","         * this function will test buildApp's default handling-behavior","         */","            local.testCase_buildReadme_default(options, local.onErrorThrow);","            local.testCase_buildLib_default(options, local.onErrorThrow);","            local.testCase_buildTest_default(options, local.onErrorThrow);","            local.testCase_buildCustomOrg_default(options, local.onErrorThrow);","            options = [];","            local.buildApp(options, onError);","        };","","        local.testCase_buildCustomOrg_default = local.testCase_buildCustomOrg_default ||","            function (options, onError) {","            /*","             * this function will test buildCustomOrg's default handling-behavior","             */","                options = {};","                local.buildCustomOrg(options, onError);","            };","","        local.testCase_buildLib_default = local.testCase_buildLib_default || function (","            options,","            onError","        ) {","        /*","         * this function will test buildLib's default handling-behavior","         */","            options = {};","            local.buildLib(options, onError);","        };","","        local.testCase_buildReadme_default = local.testCase_buildReadme_default || function (","            options,","            onError","        ) {","        /*","         * this function will test buildReadme's default handling-behavior","         */","            options = {};","            local.buildReadme(options, onError);","        };","","        local.testCase_buildTest_default = local.testCase_buildTest_default || function (","            options,","            onError","        ) {","        /*","         * this function will test buildTest's default handling-behavior","         */","            options = {};","            local.buildTest(options, onError);","        };","","        local.testCase_webpage_default = local.testCase_webpage_default || function (","            options,","            onError","        ) {","        /*","         * this function will test webpage's default handling-behavior","         */","            options = {","                fileScreenshotBase: local.env.npm_config_dir_build +","                    '/screenshot.' + local.env.MODE_BUILD + '.browser.%2F',","                modeCoverageMerge: true,","                url: local.assetsDict['/']","                    .indexOf('<script src=\"assets.test.js\"></script>') >= 0","                    ? local.serverLocalHost + '?modeTest=1'","                    : local.serverLocalHost + '/index.default.html?modeTest=1'","            };","            local.browserTest(options, onError);","        };","","        // run test-server","        local.testRunServer(local);","        break;","    }","}());",""],"l":{"12":2,"14":2,"19":2,"21":2,"23":2,"24":2,"25":2,"30":1,"37":2,"41":2,"44":2,"50":2,"51":2,"53":2,"59":1,"65":1,"71":2,"72":2,"74":2,"80":1,"87":1,"90":1,"96":0,"97":0,"103":1,"104":1,"106":1,"113":1,"120":1,"121":1,"124":1,"131":1,"132":1,"133":1,"134":1,"135":1,"136":1,"139":1,"144":1,"145":1,"148":1,"155":1,"156":1,"159":1,"166":1,"167":1,"170":1,"177":1,"178":1,"181":1,"188":1,"197":1,"201":1,"202":1}},"/home/travis/build/kaizhu256/node-sandbox2/lib.sandbox2.js":{"path":"/home/travis/build/kaizhu256/node-sandbox2/lib.sandbox2.js","s":{"1":2,"2":2,"3":2,"4":2,"5":2,"6":2,"7":2,"8":1,"9":2,"10":2,"11":2,"12":2,"13":1,"14":1,"15":83,"16":33,"17":1,"18":1,"19":1},"b":{"1":[2,1,1,1],"2":[1,1,1,1],"3":[1,1],"4":[2,2],"5":[1,1],"6":[33,50],"7":[83,83]},"f":{"1":2,"2":2,"3":2,"4":83},"fnMap":{"1":{"name":"(anonymous_1)","line":12,"loc":{"start":{"line":12,"column":1},"end":{"line":12,"column":13}}},"2":{"name":"(anonymous_2)","line":19,"loc":{"start":{"line":19,"column":5},"end":{"line":19,"column":17}}},"3":{"name":"(anonymous_3)","line":23,"loc":{"start":{"line":23,"column":24},"end":{"line":23,"column":36}}},"4":{"name":"(anonymous_4)","line":49,"loc":{"start":{"line":49,"column":60},"end":{"line":49,"column":75}}}},"statementMap":{"1":{"start":{"line":12,"column":0},"end":{"line":59,"column":5}},"2":{"start":{"line":14,"column":4},"end":{"line":14,"column":14}},"3":{"start":{"line":19,"column":4},"end":{"line":58,"column":9}},"4":{"start":{"line":21,"column":8},"end":{"line":21,"column":19}},"5":{"start":{"line":23,"column":8},"end":{"line":35,"column":13}},"6":{"start":{"line":24,"column":12},"end":{"line":34,"column":13}},"7":{"start":{"line":25,"column":16},"end":{"line":28,"column":30}},"8":{"start":{"line":30,"column":16},"end":{"line":33,"column":27}},"9":{"start":{"line":37,"column":8},"end":{"line":39,"column":21}},"10":{"start":{"line":41,"column":8},"end":{"line":41,"column":54}},"11":{"start":{"line":43,"column":8},"end":{"line":43,"column":45}},"12":{"start":{"line":45,"column":8},"end":{"line":57,"column":9}},"13":{"start":{"line":46,"column":12},"end":{"line":46,"column":51}},"14":{"start":{"line":49,"column":12},"end":{"line":53,"column":15}},"15":{"start":{"line":50,"column":16},"end":{"line":52,"column":17}},"16":{"start":{"line":51,"column":20},"end":{"line":51,"column":46}},"17":{"start":{"line":54,"column":12},"end":{"line":54,"column":35}},"18":{"start":{"line":55,"column":12},"end":{"line":55,"column":49}},"19":{"start":{"line":56,"column":12},"end":{"line":56,"column":43}}},"branchMap":{"1":{"line":25,"type":"binary-expr","locations":[{"start":{"line":25,"column":23},"end":{"line":25,"column":62}},{"start":{"line":26,"column":20},"end":{"line":26,"column":70}},{"start":{"line":27,"column":20},"end":{"line":27,"column":71}},{"start":{"line":28,"column":20},"end":{"line":28,"column":29}}]},"2":{"line":30,"type":"binary-expr","locations":[{"start":{"line":30,"column":23},"end":{"line":30,"column":37}},{"start":{"line":31,"column":20},"end":{"line":31,"column":61}},{"start":{"line":32,"column":20},"end":{"line":32,"column":70}},{"start":{"line":33,"column":20},"end":{"line":33,"column":26}}]},"3":{"line":37,"type":"cond-expr","locations":[{"start":{"line":38,"column":14},"end":{"line":38,"column":20}},{"start":{"line":39,"column":14},"end":{"line":39,"column":20}}]},"4":{"line":41,"type":"binary-expr","locations":[{"start":{"line":41,"column":16},"end":{"line":41,"column":44}},{"start":{"line":41,"column":48},"end":{"line":41,"column":53}}]},"5":{"line":45,"type":"if","locations":[{"start":{"line":45,"column":8},"end":{"line":45,"column":8}},{"start":{"line":45,"column":8},"end":{"line":45,"column":8}}]},"6":{"line":50,"type":"if","locations":[{"start":{"line":50,"column":16},"end":{"line":50,"column":16}},{"start":{"line":50,"column":16},"end":{"line":50,"column":16}}]},"7":{"line":50,"type":"binary-expr","locations":[{"start":{"line":50,"column":20},"end":{"line":50,"column":31}},{"start":{"line":50,"column":35},"end":{"line":50,"column":61}}]}},"code":["/* istanbul instrument in package sandbox2 */","/*jslint","    bitwise: true,","    browser: true,","    maxerr: 8,","    maxlen: 100,","    node: true,","    nomen: true,","    regexp: true,","    stupid: true","*/","(function () {","    'use strict';","    var local;","","","","    // run shared js-env code - init-before","    (function () {","        // init local","        local = {};","        // init modeJs","        local.modeJs = (function () {","            try {","                return typeof navigator.userAgent === 'string' &&","                    typeof document.querySelector('body') === 'object' &&","                    typeof XMLHttpRequest.prototype.open === 'function' &&","                    'browser';","            } catch (errorCaughtBrowser) {","                return module.exports &&","                    typeof process.versions.node === 'string' &&","                    typeof require('http').createServer === 'function' &&","                    'node';","            }","        }());","        // init global","        local.global = local.modeJs === 'browser'","            ? window","            : global;","        // init utility2_rollup","        local = local.global.utility2_rollup || local;","        // init lib","        local.local = local.sandbox2 = local;","        // init exports","        if (local.modeJs === 'browser') {","            local.global.utility2_sandbox2 = local;","        } else {","            // require builtins","            Object.keys(process.binding('natives')).forEach(function (key) {","                if (!local[key] && !(/\\/|^_|^sys$/).test(key)) {","                    local[key] = require(key);","                }","            });","            module.exports = local;","            module.exports.__dirname = __dirname;","            module.exports.module = module;","        }","    }());","}());",""],"l":{"12":2,"14":2,"19":2,"21":2,"23":2,"24":2,"25":2,"30":1,"37":2,"41":2,"43":2,"45":2,"46":1,"49":1,"50":83,"51":33,"54":1,"55":1,"56":1}},"/home/travis/build/kaizhu256/node-sandbox2/example.js":{"path":"/home/travis/build/kaizhu256/node-sandbox2/example.js","s":{"1":2,"2":2,"3":2,"4":2,"5":2,"6":2,"7":2,"8":1,"9":2,"10":2,"11":2,"12":2,"13":1,"14":1,"15":1,"16":83,"17":0,"18":1,"19":1,"20":4,"21":4,"22":4,"23":0,"24":1,"25":0,"26":0,"27":0,"28":0,"29":0,"30":0,"31":0,"32":1,"33":1,"34":0,"35":0,"36":0,"37":0,"38":0,"39":0,"40":0,"41":0,"42":0,"43":0,"44":0,"45":0,"46":0,"47":0,"48":0,"49":0,"50":0},"b":{"1":[2,1,1,1],"2":[1,1,1,1],"3":[1,1],"4":[2,2],"5":[1,1],"6":[1,1],"7":[0,83],"8":[83,50],"9":[1,1],"10":[4,4],"11":[0,4],"12":[0,0,0,0,0],"13":[1,0],"14":[1,0],"15":[0,0],"16":[0,0],"17":[0,0],"18":[0,0],"19":[0,0],"20":[0,0],"21":[0,0]},"f":{"1":2,"2":2,"3":2,"4":83,"5":4,"6":0,"7":0},"fnMap":{"1":{"name":"(anonymous_1)","line":125,"loc":{"start":{"line":125,"column":1},"end":{"line":125,"column":13}}},"2":{"name":"(anonymous_2)","line":132,"loc":{"start":{"line":132,"column":5},"end":{"line":132,"column":17}}},"3":{"name":"(anonymous_3)","line":136,"loc":{"start":{"line":136,"column":24},"end":{"line":136,"column":36}}},"4":{"name":"(anonymous_4)","line":177,"loc":{"start":{"line":177,"column":56},"end":{"line":177,"column":71}},"skip":true},"5":{"name":"(anonymous_5)","line":189,"loc":{"start":{"line":189,"column":18},"end":{"line":189,"column":34}},"skip":true},"6":{"name":"(anonymous_6)","line":202,"loc":{"start":{"line":202,"column":47},"end":{"line":202,"column":73}},"skip":true},"7":{"name":"(anonymous_7)","line":246,"loc":{"start":{"line":246,"column":32},"end":{"line":246,"column":61}},"skip":true}},"statementMap":{"1":{"start":{"line":125,"column":0},"end":{"line":257,"column":5}},"2":{"start":{"line":127,"column":4},"end":{"line":127,"column":14}},"3":{"start":{"line":132,"column":4},"end":{"line":159,"column":9}},"4":{"start":{"line":134,"column":8},"end":{"line":134,"column":19}},"5":{"start":{"line":136,"column":8},"end":{"line":148,"column":13}},"6":{"start":{"line":137,"column":12},"end":{"line":147,"column":13}},"7":{"start":{"line":138,"column":16},"end":{"line":141,"column":30}},"8":{"start":{"line":143,"column":16},"end":{"line":146,"column":27}},"9":{"start":{"line":150,"column":8},"end":{"line":152,"column":21}},"10":{"start":{"line":154,"column":8},"end":{"line":156,"column":45}},"11":{"start":{"line":158,"column":8},"end":{"line":158,"column":35}},"12":{"start":{"line":160,"column":4},"end":{"line":256,"column":5}},"13":{"start":{"line":167,"column":8},"end":{"line":167,"column":14},"skip":true},"14":{"start":{"line":175,"column":8},"end":{"line":175,"column":31},"skip":true},"15":{"start":{"line":177,"column":8},"end":{"line":181,"column":11},"skip":true},"16":{"start":{"line":178,"column":12},"end":{"line":180,"column":13},"skip":true},"17":{"start":{"line":179,"column":16},"end":{"line":179,"column":42},"skip":true},"18":{"start":{"line":183,"column":8},"end":{"line":183,"column":50},"skip":true},"19":{"start":{"line":184,"column":8},"end":{"line":198,"column":11},"skip":true},"20":{"start":{"line":190,"column":12},"end":{"line":190,"column":30},"skip":true},"21":{"start":{"line":191,"column":12},"end":{"line":191,"column":66},"skip":true},"22":{"start":{"line":192,"column":12},"end":{"line":197,"column":13},"skip":true},"23":{"start":{"line":193,"column":16},"end":{"line":196,"column":18},"skip":true},"24":{"start":{"line":199,"column":8},"end":{"line":217,"column":15},"skip":true},"25":{"start":{"line":204,"column":16},"end":{"line":204,"column":31},"skip":true},"26":{"start":{"line":205,"column":16},"end":{"line":216,"column":17},"skip":true},"27":{"start":{"line":207,"column":20},"end":{"line":207,"column":60},"skip":true},"28":{"start":{"line":209,"column":20},"end":{"line":209,"column":38},"skip":true},"29":{"start":{"line":211,"column":20},"end":{"line":211,"column":38},"skip":true},"30":{"start":{"line":213,"column":20},"end":{"line":213,"column":35},"skip":true},"31":{"start":{"line":215,"column":20},"end":{"line":215,"column":34},"skip":true},"32":{"start":{"line":219,"column":8},"end":{"line":221,"column":9},"skip":true},"33":{"start":{"line":220,"column":12},"end":{"line":220,"column":18},"skip":true},"34":{"start":{"line":222,"column":8},"end":{"line":224,"column":54},"skip":true},"35":{"start":{"line":227,"column":8},"end":{"line":232,"column":37},"skip":true},"36":{"start":{"line":234,"column":8},"end":{"line":234,"column":82},"skip":true},"37":{"start":{"line":237,"column":8},"end":{"line":239,"column":9},"skip":true},"38":{"start":{"line":238,"column":12},"end":{"line":238,"column":82},"skip":true},"39":{"start":{"line":241,"column":8},"end":{"line":243,"column":9},"skip":true},"40":{"start":{"line":242,"column":12},"end":{"line":242,"column":18},"skip":true},"41":{"start":{"line":244,"column":8},"end":{"line":244,"column":54},"skip":true},"42":{"start":{"line":245,"column":8},"end":{"line":245,"column":69},"skip":true},"43":{"start":{"line":246,"column":8},"end":{"line":254,"column":36},"skip":true},"44":{"start":{"line":247,"column":12},"end":{"line":247,"column":61},"skip":true},"45":{"start":{"line":248,"column":12},"end":{"line":251,"column":13},"skip":true},"46":{"start":{"line":249,"column":16},"end":{"line":249,"column":75},"skip":true},"47":{"start":{"line":250,"column":16},"end":{"line":250,"column":23},"skip":true},"48":{"start":{"line":252,"column":12},"end":{"line":252,"column":38},"skip":true},"49":{"start":{"line":253,"column":12},"end":{"line":253,"column":27},"skip":true},"50":{"start":{"line":255,"column":8},"end":{"line":255,"column":14},"skip":true}},"branchMap":{"1":{"line":138,"type":"binary-expr","locations":[{"start":{"line":138,"column":23},"end":{"line":138,"column":62}},{"start":{"line":139,"column":20},"end":{"line":139,"column":70}},{"start":{"line":140,"column":20},"end":{"line":140,"column":71}},{"start":{"line":141,"column":20},"end":{"line":141,"column":29}}]},"2":{"line":143,"type":"binary-expr","locations":[{"start":{"line":143,"column":23},"end":{"line":143,"column":37}},{"start":{"line":144,"column":20},"end":{"line":144,"column":61}},{"start":{"line":145,"column":20},"end":{"line":145,"column":70}},{"start":{"line":146,"column":20},"end":{"line":146,"column":26}}]},"3":{"line":150,"type":"cond-expr","locations":[{"start":{"line":151,"column":14},"end":{"line":151,"column":20}},{"start":{"line":152,"column":14},"end":{"line":152,"column":20}}]},"4":{"line":154,"type":"binary-expr","locations":[{"start":{"line":154,"column":16},"end":{"line":154,"column":44}},{"start":{"line":154,"column":49},"end":{"line":156,"column":43}}]},"5":{"line":154,"type":"cond-expr","locations":[{"start":{"line":155,"column":14},"end":{"line":155,"column":44}},{"start":{"line":156,"column":14},"end":{"line":156,"column":43}}]},"6":{"line":160,"type":"switch","locations":[{"start":{"line":166,"column":4},"end":{"line":167,"column":14},"skip":true},{"start":{"line":173,"column":4},"end":{"line":255,"column":14},"skip":true}]},"7":{"line":178,"type":"if","locations":[{"start":{"line":178,"column":12},"end":{"line":178,"column":12},"skip":true},{"start":{"line":178,"column":12},"end":{"line":178,"column":12},"skip":true}]},"8":{"line":178,"type":"binary-expr","locations":[{"start":{"line":178,"column":16},"end":{"line":178,"column":27},"skip":true},{"start":{"line":178,"column":31},"end":{"line":178,"column":57},"skip":true}]},"9":{"line":183,"type":"binary-expr","locations":[{"start":{"line":183,"column":27},"end":{"line":183,"column":43},"skip":true},{"start":{"line":183,"column":47},"end":{"line":183,"column":49},"skip":true}]},"10":{"line":191,"type":"binary-expr","locations":[{"start":{"line":191,"column":37},"end":{"line":191,"column":59},"skip":true},{"start":{"line":191,"column":63},"end":{"line":191,"column":65},"skip":true}]},"11":{"line":192,"type":"if","locations":[{"start":{"line":192,"column":12},"end":{"line":192,"column":12},"skip":true},{"start":{"line":192,"column":12},"end":{"line":192,"column":12},"skip":true}]},"12":{"line":205,"type":"switch","locations":[{"start":{"line":206,"column":16},"end":{"line":207,"column":60},"skip":true},{"start":{"line":208,"column":16},"end":{"line":209,"column":38},"skip":true},{"start":{"line":210,"column":16},"end":{"line":211,"column":38},"skip":true},{"start":{"line":212,"column":16},"end":{"line":213,"column":35},"skip":true},{"start":{"line":214,"column":16},"end":{"line":215,"column":34},"skip":true}]},"13":{"line":219,"type":"if","locations":[{"start":{"line":219,"column":8},"end":{"line":219,"column":8},"skip":true},{"start":{"line":219,"column":8},"end":{"line":219,"column":8},"skip":true}]},"14":{"line":219,"type":"binary-expr","locations":[{"start":{"line":219,"column":12},"end":{"line":219,"column":35},"skip":true},{"start":{"line":219,"column":39},"end":{"line":219,"column":67},"skip":true}]},"15":{"line":223,"type":"binary-expr","locations":[{"start":{"line":223,"column":12},"end":{"line":223,"column":50},"skip":true},{"start":{"line":224,"column":12},"end":{"line":224,"column":53},"skip":true}]},"16":{"line":228,"type":"binary-expr","locations":[{"start":{"line":228,"column":12},"end":{"line":228,"column":51},"skip":true},{"start":{"line":229,"column":12},"end":{"line":232,"column":36},"skip":true}]},"17":{"line":234,"type":"binary-expr","locations":[{"start":{"line":234,"column":43},"end":{"line":234,"column":75},"skip":true},{"start":{"line":234,"column":79},"end":{"line":234,"column":81},"skip":true}]},"18":{"line":237,"type":"if","locations":[{"start":{"line":237,"column":8},"end":{"line":237,"column":8},"skip":true},{"start":{"line":237,"column":8},"end":{"line":237,"column":8},"skip":true}]},"19":{"line":241,"type":"if","locations":[{"start":{"line":241,"column":8},"end":{"line":241,"column":8},"skip":true},{"start":{"line":241,"column":8},"end":{"line":241,"column":8},"skip":true}]},"20":{"line":244,"type":"binary-expr","locations":[{"start":{"line":244,"column":27},"end":{"line":244,"column":43},"skip":true},{"start":{"line":244,"column":47},"end":{"line":244,"column":53},"skip":true}]},"21":{"line":248,"type":"if","locations":[{"start":{"line":248,"column":12},"end":{"line":248,"column":12},"skip":true},{"start":{"line":248,"column":12},"end":{"line":248,"column":12},"skip":true}]}},"code":["","","","","","","","","","","","","","","","","","","","","","","","","","","","","","","","","","","","","","","","","","","","","","","","","","","","","","","","","","","","","","","","","","","","","","","","","","","","","","","","","","","","","","","","","","","","","","","","","","","/*","example.js","","this script will run a web-demo of sandbox2","","instruction","    1. save this script as example.js","    2. run the shell command:","        $ npm install sandbox2 && PORT=8081 node example.js","    3. open a browser to http://127.0.0.1:8081 and play with the web-demo","    4. edit this script to suit your needs","*/","","","","/* istanbul instrument in package sandbox2 */","/*jslint","    bitwise: true,","    browser: true,","    maxerr: 8,","    maxlen: 100,","    node: true,","    nomen: true,","    regexp: true,","    stupid: true","*/","(function () {","    'use strict';","    var local;","","","","    // run shared js-env code - init-before","    (function () {","        // init local","        local = {};","        // init modeJs","        local.modeJs = (function () {","            try {","                return typeof navigator.userAgent === 'string' &&","                    typeof document.querySelector('body') === 'object' &&","                    typeof XMLHttpRequest.prototype.open === 'function' &&","                    'browser';","            } catch (errorCaughtBrowser) {","                return module.exports &&","                    typeof process.versions.node === 'string' &&","                    typeof require('http').createServer === 'function' &&","                    'node';","            }","        }());","        // init global","        local.global = local.modeJs === 'browser'","            ? window","            : global;","        // init utility2_rollup","        local = local.global.utility2_rollup || (local.modeJs === 'browser'","            ? local.global.utility2_sandbox2","            : global.utility2_moduleExports);","        // init exports","        local.global.local = local;","    }());","    switch (local.modeJs) {","","","","    // run browser js-env code - init-test","    /* istanbul ignore next */","    case 'browser':","        break;","","","","    // run node js-env code - init-test","    /* istanbul ignore next */","    case 'node':","        // init exports","        module.exports = local;","        // require builtins","        Object.keys(process.binding('natives')).forEach(function (key) {","            if (!local[key] && !(/\\/|^_|^sys$/).test(key)) {","                local[key] = require(key);","            }","        });","        // init assets","        local.assetsDict = local.assetsDict || {};","        [","            'assets.index.css',","            'assets.index.template.html',","            'assets.swgg.swagger.json',","            'assets.swgg.swagger.server.json'","        ].forEach(function (file) {","            file = '/' + file;","            local.assetsDict[file] = local.assetsDict[file] || '';","            if (local.fs.existsSync(local.__dirname + file)) {","                local.assetsDict[file] = local.fs.readFileSync(","                    local.__dirname + file,","                    'utf8'","                );","            }","        });","        local.assetsDict['/'] =","            local.assetsDict['/assets.example.html'] =","            local.assetsDict['/assets.index.template.html']","            .replace((/\\{\\{env\\.(\\w+?)\\}\\}/g), function (match0, match1) {","                // jslint-hack","                String(match0);","                switch (match1) {","                case 'npm_package_description':","                    return 'the greatest app in the world!';","                case 'npm_package_name':","                    return 'sandbox2';","                case 'npm_package_nameLib':","                    return 'sandbox2';","                case 'npm_package_version':","                    return '0.0.1';","                default:","                    return match0;","                }","            });","        // init cli","        if (module !== require.main || local.global.utility2_rollup) {","            break;","        }","        local.assetsDict['/assets.example.js'] =","            local.assetsDict['/assets.example.js'] ||","            local.fs.readFileSync(__filename, 'utf8');","        // bug-workaround - long $npm_package_buildCustomOrg","        /* jslint-ignore-begin */","        local.assetsDict['/assets.sandbox2.js'] =","            local.assetsDict['/assets.sandbox2.js'] ||","            local.fs.readFileSync(","                local.__dirname + '/lib.sandbox2.js',","                'utf8'","            ).replace((/^#!/), '//');","        /* jslint-ignore-end */","        local.assetsDict['/favicon.ico'] = local.assetsDict['/favicon.ico'] || '';","        // if $npm_config_timeout_exit exists,","        // then exit this process after $npm_config_timeout_exit ms","        if (Number(process.env.npm_config_timeout_exit)) {","            setTimeout(process.exit, Number(process.env.npm_config_timeout_exit));","        }","        // start server","        if (local.global.utility2_serverHttp1) {","            break;","        }","        process.env.PORT = process.env.PORT || '8081';","        console.error('server starting on port ' + process.env.PORT);","        local.http.createServer(function (request, response) {","            request.urlParsed = local.url.parse(request.url);","            if (local.assetsDict[request.urlParsed.pathname] !== undefined) {","                response.end(local.assetsDict[request.urlParsed.pathname]);","                return;","            }","            response.statusCode = 404;","            response.end();","        }).listen(process.env.PORT);","        break;","    }","}());"],"l":{"125":2,"127":2,"132":2,"134":2,"136":2,"137":2,"138":2,"143":1,"150":2,"154":2,"158":2,"160":2,"167":1,"175":1,"177":1,"178":83,"179":1,"183":1,"184":1,"190":4,"191":4,"192":4,"193":1,"199":1,"204":1,"205":1,"207":1,"209":1,"211":1,"213":1,"215":1,"219":1,"220":1,"222":1,"227":1,"234":1,"237":1,"238":1,"241":1,"242":1,"244":1,"245":1,"246":1,"247":1,"248":1,"249":1,"250":1,"252":1,"253":1,"255":1}}}