{"/home/travis/build/kaizhu256/node-sandbox2/test.js":{"path":"/home/travis/build/kaizhu256/node-sandbox2/test.js","s":{"1":2,"2":2,"3":2,"4":2,"5":2,"6":2,"7":2,"8":1,"9":2,"10":2,"11":1,"12":1,"13":1,"14":1,"15":2,"16":2,"17":2,"18":2,"19":1,"20":1,"21":2,"22":2,"23":2,"24":1,"25":1,"26":1,"27":0,"28":0,"29":1,"30":1,"31":1,"32":1,"33":1,"34":1,"35":1,"36":1,"37":1,"38":1,"39":1,"40":1,"41":1,"42":1,"43":2,"44":2,"45":1,"46":2,"47":2,"48":1,"49":2,"50":2,"51":1,"52":2,"53":2,"54":1,"55":1,"56":1,"57":1,"58":1},"b":{"1":[2,1,1,1],"2":[1,1,1,1],"3":[1,1],"4":[1,1],"5":[1,1],"6":[1,1],"7":[1,1],"8":[1,1],"9":[1,1],"10":[1,1],"11":[0,0],"12":[0,0],"13":[1,0],"14":[1,1],"15":[1,1],"16":[1,1],"17":[1,1],"18":[1,1],"19":[1,1],"20":[1,1],"21":[1,1],"22":[0,1]},"f":{"1":2,"2":2,"3":2,"4":2,"5":2,"6":1,"7":0,"8":1,"9":1,"10":2,"11":2,"12":2,"13":2,"14":1},"fnMap":{"1":{"name":"(anonymous_1)","line":12,"loc":{"start":{"line":12,"column":1},"end":{"line":12,"column":13}}},"2":{"name":"(anonymous_2)","line":19,"loc":{"start":{"line":19,"column":5},"end":{"line":19,"column":17}}},"3":{"name":"(anonymous_3)","line":23,"loc":{"start":{"line":23,"column":24},"end":{"line":23,"column":36}}},"4":{"name":"(anonymous_4)","line":61,"loc":{"start":{"line":61,"column":5},"end":{"line":61,"column":17}}},"5":{"name":"(anonymous_5)","line":82,"loc":{"start":{"line":82,"column":5},"end":{"line":82,"column":17}}},"6":{"name":"(anonymous_6)","line":91,"loc":{"start":{"line":91,"column":77},"end":{"line":94,"column":10}}},"7":{"name":"(anonymous_7)","line":102,"loc":{"start":{"line":102,"column":12},"end":{"line":102,"column":37}}},"8":{"name":"(anonymous_8)","line":124,"loc":{"start":{"line":124,"column":83},"end":{"line":127,"column":10}},"skip":true},"9":{"name":"(anonymous_9)","line":135,"loc":{"start":{"line":135,"column":77},"end":{"line":138,"column":10}},"skip":true},"10":{"name":"(anonymous_10)","line":151,"loc":{"start":{"line":151,"column":12},"end":{"line":151,"column":40}},"skip":true},"11":{"name":"(anonymous_11)","line":159,"loc":{"start":{"line":159,"column":77},"end":{"line":162,"column":10}},"skip":true},"12":{"name":"(anonymous_12)","line":170,"loc":{"start":{"line":170,"column":83},"end":{"line":173,"column":10}},"skip":true},"13":{"name":"(anonymous_13)","line":181,"loc":{"start":{"line":181,"column":79},"end":{"line":184,"column":10}},"skip":true},"14":{"name":"(anonymous_14)","line":192,"loc":{"start":{"line":192,"column":75},"end":{"line":195,"column":10}},"skip":true}},"statementMap":{"1":{"start":{"line":12,"column":0},"end":{"line":215,"column":5}},"2":{"start":{"line":14,"column":4},"end":{"line":14,"column":14}},"3":{"start":{"line":19,"column":4},"end":{"line":56,"column":9}},"4":{"start":{"line":21,"column":8},"end":{"line":21,"column":19}},"5":{"start":{"line":23,"column":8},"end":{"line":35,"column":13}},"6":{"start":{"line":24,"column":12},"end":{"line":34,"column":13}},"7":{"start":{"line":25,"column":16},"end":{"line":28,"column":30}},"8":{"start":{"line":30,"column":16},"end":{"line":33,"column":27}},"9":{"start":{"line":37,"column":8},"end":{"line":39,"column":21}},"10":{"start":{"line":40,"column":8},"end":{"line":53,"column":9}},"11":{"start":{"line":43,"column":12},"end":{"line":46,"column":14}},"12":{"start":{"line":47,"column":12},"end":{"line":47,"column":18}},"13":{"start":{"line":50,"column":12},"end":{"line":51,"column":53}},"14":{"start":{"line":52,"column":12},"end":{"line":52,"column":18}},"15":{"start":{"line":55,"column":8},"end":{"line":55,"column":35}},"16":{"start":{"line":61,"column":4},"end":{"line":63,"column":9}},"17":{"start":{"line":62,"column":8},"end":{"line":62,"column":15}},"18":{"start":{"line":64,"column":4},"end":{"line":77,"column":5}},"19":{"start":{"line":70,"column":8},"end":{"line":70,"column":14}},"20":{"start":{"line":76,"column":8},"end":{"line":76,"column":14}},"21":{"start":{"line":82,"column":4},"end":{"line":84,"column":9}},"22":{"start":{"line":83,"column":8},"end":{"line":83,"column":15}},"23":{"start":{"line":85,"column":4},"end":{"line":214,"column":5}},"24":{"start":{"line":91,"column":8},"end":{"line":99,"column":10}},"25":{"start":{"line":98,"column":12},"end":{"line":98,"column":35}},"26":{"start":{"line":101,"column":8},"end":{"line":111,"column":14}},"27":{"start":{"line":107,"column":16},"end":{"line":107,"column":31}},"28":{"start":{"line":108,"column":16},"end":{"line":110,"column":63}},"29":{"start":{"line":114,"column":8},"end":{"line":116,"column":9}},"30":{"start":{"line":115,"column":12},"end":{"line":115,"column":62}},"31":{"start":{"line":117,"column":8},"end":{"line":117,"column":14}},"32":{"start":{"line":124,"column":8},"end":{"line":133,"column":10},"skip":true},"33":{"start":{"line":131,"column":12},"end":{"line":131,"column":55},"skip":true},"34":{"start":{"line":132,"column":12},"end":{"line":132,"column":48},"skip":true},"35":{"start":{"line":135,"column":8},"end":{"line":148,"column":10},"skip":true},"36":{"start":{"line":142,"column":12},"end":{"line":142,"column":76},"skip":true},"37":{"start":{"line":143,"column":12},"end":{"line":143,"column":73},"skip":true},"38":{"start":{"line":144,"column":12},"end":{"line":144,"column":74},"skip":true},"39":{"start":{"line":145,"column":12},"end":{"line":145,"column":79},"skip":true},"40":{"start":{"line":146,"column":12},"end":{"line":146,"column":25},"skip":true},"41":{"start":{"line":147,"column":12},"end":{"line":147,"column":45},"skip":true},"42":{"start":{"line":150,"column":8},"end":{"line":157,"column":14},"skip":true},"43":{"start":{"line":155,"column":16},"end":{"line":155,"column":29},"skip":true},"44":{"start":{"line":156,"column":16},"end":{"line":156,"column":55},"skip":true},"45":{"start":{"line":159,"column":8},"end":{"line":168,"column":10},"skip":true},"46":{"start":{"line":166,"column":12},"end":{"line":166,"column":25},"skip":true},"47":{"start":{"line":167,"column":12},"end":{"line":167,"column":45},"skip":true},"48":{"start":{"line":170,"column":8},"end":{"line":179,"column":10},"skip":true},"49":{"start":{"line":177,"column":12},"end":{"line":177,"column":25},"skip":true},"50":{"start":{"line":178,"column":12},"end":{"line":178,"column":48},"skip":true},"51":{"start":{"line":181,"column":8},"end":{"line":190,"column":10},"skip":true},"52":{"start":{"line":188,"column":12},"end":{"line":188,"column":25},"skip":true},"53":{"start":{"line":189,"column":12},"end":{"line":189,"column":46},"skip":true},"54":{"start":{"line":192,"column":8},"end":{"line":209,"column":10},"skip":true},"55":{"start":{"line":199,"column":12},"end":{"line":207,"column":14},"skip":true},"56":{"start":{"line":208,"column":12},"end":{"line":208,"column":48},"skip":true},"57":{"start":{"line":212,"column":8},"end":{"line":212,"column":35},"skip":true},"58":{"start":{"line":213,"column":8},"end":{"line":213,"column":14},"skip":true}},"branchMap":{"1":{"line":25,"type":"binary-expr","locations":[{"start":{"line":25,"column":23},"end":{"line":25,"column":62}},{"start":{"line":26,"column":20},"end":{"line":26,"column":70}},{"start":{"line":27,"column":20},"end":{"line":27,"column":71}},{"start":{"line":28,"column":20},"end":{"line":28,"column":29}}]},"2":{"line":30,"type":"binary-expr","locations":[{"start":{"line":30,"column":23},"end":{"line":30,"column":37}},{"start":{"line":31,"column":20},"end":{"line":31,"column":61}},{"start":{"line":32,"column":20},"end":{"line":32,"column":70}},{"start":{"line":33,"column":20},"end":{"line":33,"column":26}}]},"3":{"line":37,"type":"cond-expr","locations":[{"start":{"line":38,"column":14},"end":{"line":38,"column":20}},{"start":{"line":39,"column":14},"end":{"line":39,"column":20}}]},"4":{"line":40,"type":"switch","locations":[{"start":{"line":42,"column":8},"end":{"line":47,"column":18}},{"start":{"line":49,"column":8},"end":{"line":52,"column":18}}]},"5":{"line":44,"type":"binary-expr","locations":[{"start":{"line":44,"column":16},"end":{"line":44,"column":44}},{"start":{"line":44,"column":48},"end":{"line":44,"column":66}}]},"6":{"line":50,"type":"binary-expr","locations":[{"start":{"line":50,"column":21},"end":{"line":50,"column":49}},{"start":{"line":51,"column":16},"end":{"line":51,"column":35}}]},"7":{"line":64,"type":"switch","locations":[{"start":{"line":69,"column":4},"end":{"line":70,"column":14}},{"start":{"line":75,"column":4},"end":{"line":76,"column":14}}]},"8":{"line":85,"type":"switch","locations":[{"start":{"line":90,"column":4},"end":{"line":117,"column":14}},{"start":{"line":123,"column":4},"end":{"line":213,"column":14},"skip":true}]},"9":{"line":91,"type":"binary-expr","locations":[{"start":{"line":91,"column":42},"end":{"line":91,"column":73}},{"start":{"line":91,"column":77},"end":{"line":99,"column":9}}]},"10":{"line":101,"type":"binary-expr","locations":[{"start":{"line":101,"column":49},"end":{"line":101,"column":87}},{"start":{"line":102,"column":12},"end":{"line":111,"column":13}}]},"11":{"line":108,"type":"cond-expr","locations":[{"start":{"line":109,"column":22},"end":{"line":109,"column":94}},{"start":{"line":110,"column":22},"end":{"line":110,"column":62}}]},"12":{"line":108,"type":"binary-expr","locations":[{"start":{"line":108,"column":23},"end":{"line":108,"column":54}},{"start":{"line":108,"column":58},"end":{"line":108,"column":94}}]},"13":{"line":114,"type":"if","locations":[{"start":{"line":114,"column":8},"end":{"line":114,"column":8}},{"start":{"line":114,"column":8},"end":{"line":114,"column":8}}]},"14":{"line":114,"type":"binary-expr","locations":[{"start":{"line":114,"column":12},"end":{"line":114,"column":26}},{"start":{"line":114,"column":30},"end":{"line":114,"column":71}}]},"15":{"line":124,"type":"binary-expr","locations":[{"start":{"line":124,"column":45},"end":{"line":124,"column":79},"skip":true},{"start":{"line":124,"column":83},"end":{"line":133,"column":9},"skip":true}]},"16":{"line":135,"type":"binary-expr","locations":[{"start":{"line":135,"column":42},"end":{"line":135,"column":73},"skip":true},{"start":{"line":135,"column":77},"end":{"line":148,"column":9},"skip":true}]},"17":{"line":150,"type":"binary-expr","locations":[{"start":{"line":150,"column":48},"end":{"line":150,"column":85},"skip":true},{"start":{"line":151,"column":12},"end":{"line":157,"column":13},"skip":true}]},"18":{"line":159,"type":"binary-expr","locations":[{"start":{"line":159,"column":42},"end":{"line":159,"column":73},"skip":true},{"start":{"line":159,"column":77},"end":{"line":168,"column":9},"skip":true}]},"19":{"line":170,"type":"binary-expr","locations":[{"start":{"line":170,"column":45},"end":{"line":170,"column":79},"skip":true},{"start":{"line":170,"column":83},"end":{"line":179,"column":9},"skip":true}]},"20":{"line":181,"type":"binary-expr","locations":[{"start":{"line":181,"column":43},"end":{"line":181,"column":75},"skip":true},{"start":{"line":181,"column":79},"end":{"line":190,"column":9},"skip":true}]},"21":{"line":192,"type":"binary-expr","locations":[{"start":{"line":192,"column":41},"end":{"line":192,"column":71},"skip":true},{"start":{"line":192,"column":75},"end":{"line":209,"column":9},"skip":true}]},"22":{"line":203,"type":"cond-expr","locations":[{"start":{"line":205,"column":22},"end":{"line":205,"column":59},"skip":true},{"start":{"line":206,"column":22},"end":{"line":206,"column":78},"skip":true}]}},"code":["/* istanbul instrument in package sandbox2 */","/*jslint","    bitwise: true,","    browser: true,","    maxerr: 8,","    maxlen: 96,","    node: true,","    nomen: true,","    regexp: true,","    stupid: true","*/","(function () {","    'use strict';","    var local;","","","","    // run shared js-env code - init-before","    (function () {","        // init local","        local = {};","        // init modeJs","        local.modeJs = (function () {","            try {","                return typeof navigator.userAgent === 'string' &&","                    typeof document.querySelector('body') === 'object' &&","                    typeof XMLHttpRequest.prototype.open === 'function' &&","                    'browser';","            } catch (errorCaughtBrowser) {","                return module.exports &&","                    typeof process.versions.node === 'string' &&","                    typeof require('http').createServer === 'function' &&","                    'node';","            }","        }());","        // init global","        local.global = local.modeJs === 'browser'","            ? window","            : global;","        switch (local.modeJs) {","        // re-init local from window.local","        case 'browser':","            local = local.global.utility2.objectSetDefault(","                local.global.utility2_rollup || local.global.local,","                local.global.utility2","            );","            break;","        // re-init local from example.js","        case 'node':","            local = (local.global.utility2_rollup ||","                require('utility2')).requireReadme();","            break;","        }","        // init exports","        local.global.local = local;","    }());","","","","    // run shared js-env code - function","    (function () {","        return;","    }());","    switch (local.modeJs) {","","","","    // run browser js-env code - function","    case 'browser':","        break;","","","","    // run node js-env code - function","    case 'node':","        break;","    }","","","","    // run shared js-env code - init-after","    (function () {","        return;","    }());","    switch (local.modeJs) {","","","","    // run browser js-env code - init-after","    case 'browser':","        local.testCase_browser_nullCase = local.testCase_browser_nullCase || function (","            options,","            onError","        ) {","        /*","         * this function will test browser's null-case handling-behavior","         */","            onError(null, options);","        };","","        local.utility2.ajaxForwardProxyUrlTest = local.utility2.ajaxForwardProxyUrlTest ||","            function (url, location) {","            /*","             * this function will test if the url requires forward-proxy","             */","                // jslint-hack","                local.nop(url);","                return local.env.npm_package_nameAlias && (/\\bgithub.io$/).test(location.host)","                    ? 'https://h1-' + local.env.npm_package_nameAlias + '-alpha.herokuapp.com'","                    : location.protocol + '//' + location.host;","            };","","        // run tests","        if (local.modeTest && document.querySelector('#testRunButton1')) {","            document.querySelector('#testRunButton1').click();","        }","        break;","","","","    // run node js-env code - init-after","    /* istanbul ignore next */","    case 'node':","        local.testCase_buildApidoc_default = local.testCase_buildApidoc_default || function (","            options,","            onError","        ) {","        /*","         * this function will test buildApidoc's default handling-behavior","         */","            options = { modulePathList: module.paths };","            local.buildApidoc(options, onError);","        };","","        local.testCase_buildApp_default = local.testCase_buildApp_default || function (","            options,","            onError","        ) {","        /*","         * this function will test buildApp's default handling-behavior","         */","            local.testCase_buildReadme_default(options, local.onErrorThrow);","            local.testCase_buildLib_default(options, local.onErrorThrow);","            local.testCase_buildTest_default(options, local.onErrorThrow);","            local.testCase_buildCustomOrg_default(options, local.onErrorThrow);","            options = [];","            local.buildApp(options, onError);","        };","","        local.testCase_buildCustomOrg_default = local.testCase_buildCustomOrg_default ||","            function (options, onError) {","            /*","             * this function will test buildCustomOrg's default handling-behavior","             */","                options = {};","                local.buildCustomOrg(options, onError);","            };","","        local.testCase_buildLib_default = local.testCase_buildLib_default || function (","            options,","            onError","        ) {","        /*","         * this function will test buildLib's default handling-behavior","         */","            options = {};","            local.buildLib(options, onError);","        };","","        local.testCase_buildReadme_default = local.testCase_buildReadme_default || function (","            options,","            onError","        ) {","        /*","         * this function will test buildReadme's default handling-behavior","         */","            options = {};","            local.buildReadme(options, onError);","        };","","        local.testCase_buildTest_default = local.testCase_buildTest_default || function (","            options,","            onError","        ) {","        /*","         * this function will test buildTest's default handling-behavior","         */","            options = {};","            local.buildTest(options, onError);","        };","","        local.testCase_webpage_default = local.testCase_webpage_default || function (","            options,","            onError","        ) {","        /*","         * this function will test webpage's default handling-behavior","         */","            options = {","                fileScreenshotBase: local.env.npm_config_dir_build +","                    '/screenshot.' + local.env.MODE_BUILD + '.browser.%2F',","                modeCoverageMerge: true,","                url: local.assetsDict['/']","                    .indexOf('<script src=\"assets.test.js\"></script>') >= 0","                    ? local.serverLocalHost + '?modeTest=1'","                    : local.serverLocalHost + '/index.default.html?modeTest=1'","            };","            local.browserTest(options, onError);","        };","","        // run test-server","        local.testRunServer(local);","        break;","    }","}());",""],"l":{"12":2,"14":2,"19":2,"21":2,"23":2,"24":2,"25":2,"30":1,"37":2,"40":2,"43":1,"47":1,"50":1,"52":1,"55":2,"61":2,"62":2,"64":2,"70":1,"76":1,"82":2,"83":2,"85":2,"91":1,"98":1,"101":1,"107":0,"108":0,"114":1,"115":1,"117":1,"124":1,"131":1,"132":1,"135":1,"142":1,"143":1,"144":1,"145":1,"146":1,"147":1,"150":1,"155":2,"156":2,"159":1,"166":2,"167":2,"170":1,"177":2,"178":2,"181":1,"188":2,"189":2,"192":1,"199":1,"208":1,"212":1,"213":1}},"/home/travis/build/kaizhu256/node-sandbox2/lib.sandbox2.js":{"path":"/home/travis/build/kaizhu256/node-sandbox2/lib.sandbox2.js","s":{"1":2,"2":2,"3":2,"4":2,"5":2,"6":2,"7":2,"8":1,"9":2,"10":2,"11":2,"12":2,"13":1,"14":1,"15":83,"16":33,"17":1,"18":1,"19":1},"b":{"1":[2,1,1,1],"2":[1,1,1,1],"3":[1,1],"4":[2,2],"5":[1,1],"6":[33,50],"7":[83,83]},"f":{"1":2,"2":2,"3":2,"4":83},"fnMap":{"1":{"name":"(anonymous_1)","line":12,"loc":{"start":{"line":12,"column":1},"end":{"line":12,"column":13}}},"2":{"name":"(anonymous_2)","line":19,"loc":{"start":{"line":19,"column":5},"end":{"line":19,"column":17}}},"3":{"name":"(anonymous_3)","line":23,"loc":{"start":{"line":23,"column":24},"end":{"line":23,"column":36}}},"4":{"name":"(anonymous_4)","line":49,"loc":{"start":{"line":49,"column":60},"end":{"line":49,"column":75}}}},"statementMap":{"1":{"start":{"line":12,"column":0},"end":{"line":59,"column":5}},"2":{"start":{"line":14,"column":4},"end":{"line":14,"column":14}},"3":{"start":{"line":19,"column":4},"end":{"line":58,"column":9}},"4":{"start":{"line":21,"column":8},"end":{"line":21,"column":19}},"5":{"start":{"line":23,"column":8},"end":{"line":35,"column":13}},"6":{"start":{"line":24,"column":12},"end":{"line":34,"column":13}},"7":{"start":{"line":25,"column":16},"end":{"line":28,"column":30}},"8":{"start":{"line":30,"column":16},"end":{"line":33,"column":27}},"9":{"start":{"line":37,"column":8},"end":{"line":39,"column":21}},"10":{"start":{"line":41,"column":8},"end":{"line":41,"column":54}},"11":{"start":{"line":43,"column":8},"end":{"line":43,"column":45}},"12":{"start":{"line":45,"column":8},"end":{"line":57,"column":9}},"13":{"start":{"line":46,"column":12},"end":{"line":46,"column":51}},"14":{"start":{"line":49,"column":12},"end":{"line":53,"column":15}},"15":{"start":{"line":50,"column":16},"end":{"line":52,"column":17}},"16":{"start":{"line":51,"column":20},"end":{"line":51,"column":46}},"17":{"start":{"line":54,"column":12},"end":{"line":54,"column":35}},"18":{"start":{"line":55,"column":12},"end":{"line":55,"column":49}},"19":{"start":{"line":56,"column":12},"end":{"line":56,"column":43}}},"branchMap":{"1":{"line":25,"type":"binary-expr","locations":[{"start":{"line":25,"column":23},"end":{"line":25,"column":62}},{"start":{"line":26,"column":20},"end":{"line":26,"column":70}},{"start":{"line":27,"column":20},"end":{"line":27,"column":71}},{"start":{"line":28,"column":20},"end":{"line":28,"column":29}}]},"2":{"line":30,"type":"binary-expr","locations":[{"start":{"line":30,"column":23},"end":{"line":30,"column":37}},{"start":{"line":31,"column":20},"end":{"line":31,"column":61}},{"start":{"line":32,"column":20},"end":{"line":32,"column":70}},{"start":{"line":33,"column":20},"end":{"line":33,"column":26}}]},"3":{"line":37,"type":"cond-expr","locations":[{"start":{"line":38,"column":14},"end":{"line":38,"column":20}},{"start":{"line":39,"column":14},"end":{"line":39,"column":20}}]},"4":{"line":41,"type":"binary-expr","locations":[{"start":{"line":41,"column":16},"end":{"line":41,"column":44}},{"start":{"line":41,"column":48},"end":{"line":41,"column":53}}]},"5":{"line":45,"type":"if","locations":[{"start":{"line":45,"column":8},"end":{"line":45,"column":8}},{"start":{"line":45,"column":8},"end":{"line":45,"column":8}}]},"6":{"line":50,"type":"if","locations":[{"start":{"line":50,"column":16},"end":{"line":50,"column":16}},{"start":{"line":50,"column":16},"end":{"line":50,"column":16}}]},"7":{"line":50,"type":"binary-expr","locations":[{"start":{"line":50,"column":20},"end":{"line":50,"column":31}},{"start":{"line":50,"column":35},"end":{"line":50,"column":61}}]}},"code":["/* istanbul instrument in package sandbox2 */","/*jslint","    bitwise: true,","    browser: true,","    maxerr: 8,","    maxlen: 96,","    node: true,","    nomen: true,","    regexp: true,","    stupid: true","*/","(function () {","    'use strict';","    var local;","","","","    // run shared js-env code - init-before","    (function () {","        // init local","        local = {};","        // init modeJs","        local.modeJs = (function () {","            try {","                return typeof navigator.userAgent === 'string' &&","                    typeof document.querySelector('body') === 'object' &&","                    typeof XMLHttpRequest.prototype.open === 'function' &&","                    'browser';","            } catch (errorCaughtBrowser) {","                return module.exports &&","                    typeof process.versions.node === 'string' &&","                    typeof require('http').createServer === 'function' &&","                    'node';","            }","        }());","        // init global","        local.global = local.modeJs === 'browser'","            ? window","            : global;","        // init utility2_rollup","        local = local.global.utility2_rollup || local;","        // init lib","        local.local = local.sandbox2 = local;","        // init exports","        if (local.modeJs === 'browser') {","            local.global.utility2_sandbox2 = local;","        } else {","            // require builtins","            Object.keys(process.binding('natives')).forEach(function (key) {","                if (!local[key] && !(/\\/|^_|^sys$/).test(key)) {","                    local[key] = require(key);","                }","            });","            module.exports = local;","            module.exports.__dirname = __dirname;","            module.exports.module = module;","        }","    }());","}());",""],"l":{"12":2,"14":2,"19":2,"21":2,"23":2,"24":2,"25":2,"30":1,"37":2,"41":2,"43":2,"45":2,"46":1,"49":1,"50":83,"51":33,"54":1,"55":1,"56":1}},"/home/travis/build/kaizhu256/node-sandbox2/example.js":{"path":"/home/travis/build/kaizhu256/node-sandbox2/example.js","s":{"1":2,"2":2,"3":2,"4":2,"5":2,"6":2,"7":2,"8":1,"9":2,"10":2,"11":2,"12":2,"13":1,"14":2,"15":2,"16":2,"17":2,"18":2,"19":0,"20":2,"21":1,"22":1,"23":1,"24":1,"25":1,"26":0,"27":0,"28":1,"29":1,"30":2,"31":0,"32":0,"33":0,"34":1,"35":2,"36":2,"37":4,"38":4,"39":4,"40":4,"41":0,"42":4,"43":4,"44":4,"45":1,"46":3,"47":1,"48":1,"49":1,"50":1,"51":1,"52":83,"53":0,"54":1,"55":1,"56":4,"57":4,"58":4,"59":0,"60":1,"61":0,"62":0,"63":0,"64":0,"65":0,"66":0,"67":0,"68":1,"69":1,"70":0,"71":0,"72":0,"73":0,"74":0,"75":0,"76":0,"77":0,"78":0,"79":0,"80":0,"81":0,"82":0,"83":0,"84":0,"85":0,"86":0},"b":{"1":[2,1,1,1],"2":[1,1,1,1],"3":[1,1],"4":[2,2],"5":[1,1],"6":[1,1],"7":[2,0],"8":[2,1,1,1,1,1],"9":[0,2,0],"10":[1,1],"11":[2,1,1],"12":[1,0],"13":[0,2],"14":[2,0,0,0,0,0,0],"15":[0,4],"16":[4,0],"17":[0,83],"18":[83,50],"19":[1,1],"20":[4,4],"21":[0,4],"22":[0,0,0,0,0],"23":[1,0],"24":[1,0],"25":[0,0],"26":[0,0],"27":[0,0],"28":[0,0],"29":[0,0],"30":[0,0],"31":[0,0]},"f":{"1":2,"2":2,"3":2,"4":2,"5":2,"6":2,"7":4,"8":4,"9":3,"10":1,"11":83,"12":4,"13":0,"14":0},"fnMap":{"1":{"name":"(anonymous_1)","line":125,"loc":{"start":{"line":125,"column":1},"end":{"line":125,"column":13}}},"2":{"name":"(anonymous_2)","line":132,"loc":{"start":{"line":132,"column":5},"end":{"line":132,"column":17}}},"3":{"name":"(anonymous_3)","line":136,"loc":{"start":{"line":136,"column":24},"end":{"line":136,"column":36}}},"4":{"name":"(anonymous_4)","line":168,"loc":{"start":{"line":168,"column":31},"end":{"line":168,"column":48}},"skip":true},"5":{"name":"(anonymous_5)","line":177,"loc":{"start":{"line":177,"column":26},"end":{"line":177,"column":45}},"skip":true},"6":{"name":"(anonymous_6)","line":222,"loc":{"start":{"line":222,"column":33},"end":{"line":222,"column":48}},"skip":true},"7":{"name":"(anonymous_7)","line":224,"loc":{"start":{"line":224,"column":27},"end":{"line":224,"column":39}},"skip":true},"8":{"name":"(anonymous_8)","line":232,"loc":{"start":{"line":232,"column":59},"end":{"line":232,"column":74}},"skip":true},"9":{"name":"(anonymous_9)","line":242,"loc":{"start":{"line":242,"column":45},"end":{"line":242,"column":62}},"skip":true},"10":{"name":"(anonymous_10)","line":243,"loc":{"start":{"line":243,"column":73},"end":{"line":243,"column":92}},"skip":true},"11":{"name":"(anonymous_11)","line":259,"loc":{"start":{"line":259,"column":56},"end":{"line":259,"column":71}},"skip":true},"12":{"name":"(anonymous_12)","line":271,"loc":{"start":{"line":271,"column":18},"end":{"line":271,"column":34}},"skip":true},"13":{"name":"(anonymous_13)","line":284,"loc":{"start":{"line":284,"column":47},"end":{"line":284,"column":73}},"skip":true},"14":{"name":"(anonymous_14)","line":328,"loc":{"start":{"line":328,"column":32},"end":{"line":328,"column":61}},"skip":true}},"statementMap":{"1":{"start":{"line":125,"column":0},"end":{"line":339,"column":5}},"2":{"start":{"line":127,"column":4},"end":{"line":127,"column":14}},"3":{"start":{"line":132,"column":4},"end":{"line":159,"column":9}},"4":{"start":{"line":134,"column":8},"end":{"line":134,"column":19}},"5":{"start":{"line":136,"column":8},"end":{"line":148,"column":13}},"6":{"start":{"line":137,"column":12},"end":{"line":147,"column":13}},"7":{"start":{"line":138,"column":16},"end":{"line":141,"column":30}},"8":{"start":{"line":143,"column":16},"end":{"line":146,"column":27}},"9":{"start":{"line":150,"column":8},"end":{"line":152,"column":21}},"10":{"start":{"line":154,"column":8},"end":{"line":156,"column":45}},"11":{"start":{"line":158,"column":8},"end":{"line":158,"column":35}},"12":{"start":{"line":160,"column":4},"end":{"line":338,"column":5}},"13":{"start":{"line":168,"column":8},"end":{"line":220,"column":10},"skip":true},"14":{"start":{"line":169,"column":12},"end":{"line":187,"column":13},"skip":true},"15":{"start":{"line":175,"column":16},"end":{"line":186,"column":19},"skip":true},"16":{"start":{"line":178,"column":20},"end":{"line":185,"column":21},"skip":true},"17":{"start":{"line":181,"column":24},"end":{"line":181,"column":43},"skip":true},"18":{"start":{"line":182,"column":24},"end":{"line":182,"column":30},"skip":true},"19":{"start":{"line":184,"column":24},"end":{"line":184,"column":49},"skip":true},"20":{"start":{"line":188,"column":12},"end":{"line":206,"column":13},"skip":true},"21":{"start":{"line":191,"column":16},"end":{"line":201,"column":17},"skip":true},"22":{"start":{"line":192,"column":20},"end":{"line":192,"column":88},"skip":true},"23":{"start":{"line":193,"column":20},"end":{"line":194,"column":45},"skip":true},"24":{"start":{"line":195,"column":20},"end":{"line":195,"column":42},"skip":true},"25":{"start":{"line":196,"column":20},"end":{"line":196,"column":48},"skip":true},"26":{"start":{"line":199,"column":20},"end":{"line":199,"column":86},"skip":true},"27":{"start":{"line":200,"column":20},"end":{"line":200,"column":96},"skip":true},"28":{"start":{"line":202,"column":16},"end":{"line":202,"column":22},"skip":true},"29":{"start":{"line":205,"column":16},"end":{"line":205,"column":22},"skip":true},"30":{"start":{"line":207,"column":12},"end":{"line":219,"column":13},"skip":true},"31":{"start":{"line":213,"column":16},"end":{"line":218,"column":17},"skip":true},"32":{"start":{"line":215,"column":20},"end":{"line":215,"column":78},"skip":true},"33":{"start":{"line":217,"column":20},"end":{"line":217,"column":47},"skip":true},"34":{"start":{"line":222,"column":8},"end":{"line":240,"column":11},"skip":true},"35":{"start":{"line":223,"column":12},"end":{"line":223,"column":54},"skip":true},"36":{"start":{"line":224,"column":12},"end":{"line":239,"column":14},"skip":true},"37":{"start":{"line":225,"column":16},"end":{"line":225,"column":28},"skip":true},"38":{"start":{"line":226,"column":16},"end":{"line":226,"column":69},"skip":true},"39":{"start":{"line":227,"column":16},"end":{"line":227,"column":75},"skip":true},"40":{"start":{"line":228,"column":16},"end":{"line":230,"column":17},"skip":true},"41":{"start":{"line":229,"column":20},"end":{"line":229,"column":27},"skip":true},"42":{"start":{"line":232,"column":16},"end":{"line":236,"column":36},"skip":true},"43":{"start":{"line":233,"column":20},"end":{"line":235,"column":55},"skip":true},"44":{"start":{"line":238,"column":16},"end":{"line":238,"column":57},"skip":true},"45":{"start":{"line":242,"column":8},"end":{"line":246,"column":11},"skip":true},"46":{"start":{"line":243,"column":12},"end":{"line":245,"column":15},"skip":true},"47":{"start":{"line":244,"column":16},"end":{"line":244,"column":70},"skip":true},"48":{"start":{"line":248,"column":8},"end":{"line":248,"column":31},"skip":true},"49":{"start":{"line":249,"column":8},"end":{"line":249,"column":14},"skip":true},"50":{"start":{"line":257,"column":8},"end":{"line":257,"column":31},"skip":true},"51":{"start":{"line":259,"column":8},"end":{"line":263,"column":11},"skip":true},"52":{"start":{"line":260,"column":12},"end":{"line":262,"column":13},"skip":true},"53":{"start":{"line":261,"column":16},"end":{"line":261,"column":42},"skip":true},"54":{"start":{"line":265,"column":8},"end":{"line":265,"column":50},"skip":true},"55":{"start":{"line":266,"column":8},"end":{"line":280,"column":11},"skip":true},"56":{"start":{"line":272,"column":12},"end":{"line":272,"column":30},"skip":true},"57":{"start":{"line":273,"column":12},"end":{"line":273,"column":66},"skip":true},"58":{"start":{"line":274,"column":12},"end":{"line":279,"column":13},"skip":true},"59":{"start":{"line":275,"column":16},"end":{"line":278,"column":18},"skip":true},"60":{"start":{"line":281,"column":8},"end":{"line":299,"column":15},"skip":true},"61":{"start":{"line":286,"column":16},"end":{"line":286,"column":31},"skip":true},"62":{"start":{"line":287,"column":16},"end":{"line":298,"column":17},"skip":true},"63":{"start":{"line":289,"column":20},"end":{"line":289,"column":60},"skip":true},"64":{"start":{"line":291,"column":20},"end":{"line":291,"column":38},"skip":true},"65":{"start":{"line":293,"column":20},"end":{"line":293,"column":38},"skip":true},"66":{"start":{"line":295,"column":20},"end":{"line":295,"column":35},"skip":true},"67":{"start":{"line":297,"column":20},"end":{"line":297,"column":34},"skip":true},"68":{"start":{"line":301,"column":8},"end":{"line":303,"column":9},"skip":true},"69":{"start":{"line":302,"column":12},"end":{"line":302,"column":18},"skip":true},"70":{"start":{"line":304,"column":8},"end":{"line":306,"column":54},"skip":true},"71":{"start":{"line":309,"column":8},"end":{"line":314,"column":37},"skip":true},"72":{"start":{"line":316,"column":8},"end":{"line":316,"column":82},"skip":true},"73":{"start":{"line":319,"column":8},"end":{"line":321,"column":9},"skip":true},"74":{"start":{"line":320,"column":12},"end":{"line":320,"column":82},"skip":true},"75":{"start":{"line":323,"column":8},"end":{"line":325,"column":9},"skip":true},"76":{"start":{"line":324,"column":12},"end":{"line":324,"column":18},"skip":true},"77":{"start":{"line":326,"column":8},"end":{"line":326,"column":54},"skip":true},"78":{"start":{"line":327,"column":8},"end":{"line":327,"column":69},"skip":true},"79":{"start":{"line":328,"column":8},"end":{"line":336,"column":36},"skip":true},"80":{"start":{"line":329,"column":12},"end":{"line":329,"column":61},"skip":true},"81":{"start":{"line":330,"column":12},"end":{"line":333,"column":13},"skip":true},"82":{"start":{"line":331,"column":16},"end":{"line":331,"column":75},"skip":true},"83":{"start":{"line":332,"column":16},"end":{"line":332,"column":23},"skip":true},"84":{"start":{"line":334,"column":12},"end":{"line":334,"column":38},"skip":true},"85":{"start":{"line":335,"column":12},"end":{"line":335,"column":27},"skip":true},"86":{"start":{"line":337,"column":8},"end":{"line":337,"column":14},"skip":true}},"branchMap":{"1":{"line":138,"type":"binary-expr","locations":[{"start":{"line":138,"column":23},"end":{"line":138,"column":62}},{"start":{"line":139,"column":20},"end":{"line":139,"column":70}},{"start":{"line":140,"column":20},"end":{"line":140,"column":71}},{"start":{"line":141,"column":20},"end":{"line":141,"column":29}}]},"2":{"line":143,"type":"binary-expr","locations":[{"start":{"line":143,"column":23},"end":{"line":143,"column":37}},{"start":{"line":144,"column":20},"end":{"line":144,"column":61}},{"start":{"line":145,"column":20},"end":{"line":145,"column":70}},{"start":{"line":146,"column":20},"end":{"line":146,"column":26}}]},"3":{"line":150,"type":"cond-expr","locations":[{"start":{"line":151,"column":14},"end":{"line":151,"column":20}},{"start":{"line":152,"column":14},"end":{"line":152,"column":20}}]},"4":{"line":154,"type":"binary-expr","locations":[{"start":{"line":154,"column":16},"end":{"line":154,"column":44}},{"start":{"line":154,"column":49},"end":{"line":156,"column":43}}]},"5":{"line":154,"type":"cond-expr","locations":[{"start":{"line":155,"column":14},"end":{"line":155,"column":44}},{"start":{"line":156,"column":14},"end":{"line":156,"column":43}}]},"6":{"line":160,"type":"switch","locations":[{"start":{"line":167,"column":4},"end":{"line":249,"column":14},"skip":true},{"start":{"line":255,"column":4},"end":{"line":337,"column":14},"skip":true}]},"7":{"line":169,"type":"if","locations":[{"start":{"line":169,"column":12},"end":{"line":169,"column":12},"skip":true},{"start":{"line":169,"column":12},"end":{"line":169,"column":12},"skip":true}]},"8":{"line":169,"type":"binary-expr","locations":[{"start":{"line":169,"column":16},"end":{"line":169,"column":22},"skip":true},{"start":{"line":169,"column":27},"end":{"line":169,"column":32},"skip":true},{"start":{"line":170,"column":20},"end":{"line":170,"column":39},"skip":true},{"start":{"line":171,"column":20},"end":{"line":171,"column":49},"skip":true},{"start":{"line":172,"column":20},"end":{"line":172,"column":58},"skip":true},{"start":{"line":173,"column":20},"end":{"line":173,"column":69},"skip":true}]},"9":{"line":178,"type":"switch","locations":[{"start":{"line":179,"column":20},"end":{"line":179,"column":33},"skip":true},{"start":{"line":180,"column":20},"end":{"line":182,"column":30},"skip":true},{"start":{"line":183,"column":20},"end":{"line":184,"column":49},"skip":true}]},"10":{"line":188,"type":"switch","locations":[{"start":{"line":189,"column":12},"end":{"line":202,"column":22},"skip":true},{"start":{"line":204,"column":12},"end":{"line":205,"column":22},"skip":true}]},"11":{"line":188,"type":"binary-expr","locations":[{"start":{"line":188,"column":20},"end":{"line":188,"column":25},"skip":true},{"start":{"line":188,"column":29},"end":{"line":188,"column":48},"skip":true},{"start":{"line":188,"column":52},"end":{"line":188,"column":74},"skip":true}]},"12":{"line":191,"type":"if","locations":[{"start":{"line":191,"column":16},"end":{"line":191,"column":16},"skip":true},{"start":{"line":191,"column":16},"end":{"line":191,"column":16},"skip":true}]},"13":{"line":207,"type":"if","locations":[{"start":{"line":207,"column":12},"end":{"line":207,"column":12},"skip":true},{"start":{"line":207,"column":12},"end":{"line":207,"column":12},"skip":true}]},"14":{"line":207,"type":"binary-expr","locations":[{"start":{"line":207,"column":16},"end":{"line":207,"column":61},"skip":true},{"start":{"line":207,"column":66},"end":{"line":207,"column":72},"skip":true},{"start":{"line":207,"column":77},"end":{"line":207,"column":82},"skip":true},{"start":{"line":208,"column":20},"end":{"line":208,"column":39},"skip":true},{"start":{"line":209,"column":20},"end":{"line":209,"column":49},"skip":true},{"start":{"line":210,"column":20},"end":{"line":210,"column":58},"skip":true},{"start":{"line":211,"column":20},"end":{"line":211,"column":68},"skip":true}]},"15":{"line":228,"type":"if","locations":[{"start":{"line":228,"column":16},"end":{"line":228,"column":16},"skip":true},{"start":{"line":228,"column":16},"end":{"line":228,"column":16},"skip":true}]},"16":{"line":233,"type":"cond-expr","locations":[{"start":{"line":234,"column":26},"end":{"line":234,"column":29},"skip":true},{"start":{"line":235,"column":26},"end":{"line":235,"column":54},"skip":true}]},"17":{"line":260,"type":"if","locations":[{"start":{"line":260,"column":12},"end":{"line":260,"column":12},"skip":true},{"start":{"line":260,"column":12},"end":{"line":260,"column":12},"skip":true}]},"18":{"line":260,"type":"binary-expr","locations":[{"start":{"line":260,"column":16},"end":{"line":260,"column":27},"skip":true},{"start":{"line":260,"column":31},"end":{"line":260,"column":57},"skip":true}]},"19":{"line":265,"type":"binary-expr","locations":[{"start":{"line":265,"column":27},"end":{"line":265,"column":43},"skip":true},{"start":{"line":265,"column":47},"end":{"line":265,"column":49},"skip":true}]},"20":{"line":273,"type":"binary-expr","locations":[{"start":{"line":273,"column":37},"end":{"line":273,"column":59},"skip":true},{"start":{"line":273,"column":63},"end":{"line":273,"column":65},"skip":true}]},"21":{"line":274,"type":"if","locations":[{"start":{"line":274,"column":12},"end":{"line":274,"column":12},"skip":true},{"start":{"line":274,"column":12},"end":{"line":274,"column":12},"skip":true}]},"22":{"line":287,"type":"switch","locations":[{"start":{"line":288,"column":16},"end":{"line":289,"column":60},"skip":true},{"start":{"line":290,"column":16},"end":{"line":291,"column":38},"skip":true},{"start":{"line":292,"column":16},"end":{"line":293,"column":38},"skip":true},{"start":{"line":294,"column":16},"end":{"line":295,"column":35},"skip":true},{"start":{"line":296,"column":16},"end":{"line":297,"column":34},"skip":true}]},"23":{"line":301,"type":"if","locations":[{"start":{"line":301,"column":8},"end":{"line":301,"column":8},"skip":true},{"start":{"line":301,"column":8},"end":{"line":301,"column":8},"skip":true}]},"24":{"line":301,"type":"binary-expr","locations":[{"start":{"line":301,"column":12},"end":{"line":301,"column":35},"skip":true},{"start":{"line":301,"column":39},"end":{"line":301,"column":67},"skip":true}]},"25":{"line":305,"type":"binary-expr","locations":[{"start":{"line":305,"column":12},"end":{"line":305,"column":50},"skip":true},{"start":{"line":306,"column":12},"end":{"line":306,"column":53},"skip":true}]},"26":{"line":310,"type":"binary-expr","locations":[{"start":{"line":310,"column":12},"end":{"line":310,"column":51},"skip":true},{"start":{"line":311,"column":12},"end":{"line":314,"column":36},"skip":true}]},"27":{"line":316,"type":"binary-expr","locations":[{"start":{"line":316,"column":43},"end":{"line":316,"column":75},"skip":true},{"start":{"line":316,"column":79},"end":{"line":316,"column":81},"skip":true}]},"28":{"line":319,"type":"if","locations":[{"start":{"line":319,"column":8},"end":{"line":319,"column":8},"skip":true},{"start":{"line":319,"column":8},"end":{"line":319,"column":8},"skip":true}]},"29":{"line":323,"type":"if","locations":[{"start":{"line":323,"column":8},"end":{"line":323,"column":8},"skip":true},{"start":{"line":323,"column":8},"end":{"line":323,"column":8},"skip":true}]},"30":{"line":326,"type":"binary-expr","locations":[{"start":{"line":326,"column":27},"end":{"line":326,"column":43},"skip":true},{"start":{"line":326,"column":47},"end":{"line":326,"column":53},"skip":true}]},"31":{"line":330,"type":"if","locations":[{"start":{"line":330,"column":12},"end":{"line":330,"column":12},"skip":true},{"start":{"line":330,"column":12},"end":{"line":330,"column":12},"skip":true}]}},"code":["","","","","","","","","","","","","","","","","","","","","","","","","","","","","","","","","","","","","","","","","","","","","","","","","","","","","","","","","","","","","","","","","","","","","","","","","","","","","","","","","","","","","","","","","","","","","","","","","","","/*","example.js","","this script will run a web demo of sandbox2","","instruction","    1. save this script as example.js","    2. run the shell command:","        $ npm install sandbox2 && PORT=8081 node example.js","    3. open a browser to http://127.0.0.1:8081 and play with the web demo","    4. edit this script to suit your needs","*/","","","","/* istanbul instrument in package sandbox2 */","/*jslint","    bitwise: true,","    browser: true,","    maxerr: 8,","    maxlen: 96,","    node: true,","    nomen: true,","    regexp: true,","    stupid: true","*/","(function () {","    'use strict';","    var local;","","","","    // run shared js-env code - init-before","    (function () {","        // init local","        local = {};","        // init modeJs","        local.modeJs = (function () {","            try {","                return typeof navigator.userAgent === 'string' &&","                    typeof document.querySelector('body') === 'object' &&","                    typeof XMLHttpRequest.prototype.open === 'function' &&","                    'browser';","            } catch (errorCaughtBrowser) {","                return module.exports &&","                    typeof process.versions.node === 'string' &&","                    typeof require('http').createServer === 'function' &&","                    'node';","            }","        }());","        // init global","        local.global = local.modeJs === 'browser'","            ? window","            : global;","        // init utility2_rollup","        local = local.global.utility2_rollup || (local.modeJs === 'browser'","            ? local.global.utility2_sandbox2","            : global.utility2_moduleExports);","        // init exports","        local.global.local = local;","    }());","    switch (local.modeJs) {","","","","    // init-after","    // run browser js-env code - init-after","    /* istanbul ignore next */","    case 'browser':","        local.testRunBrowser = function (event) {","            if (!event || (event &&","                    event.currentTarget &&","                    event.currentTarget.className &&","                    event.currentTarget.className.includes &&","                    event.currentTarget.className.includes('onreset'))) {","                // reset output","                Array.from(","                    document.querySelectorAll('body > .resettable')","                ).forEach(function (element) {","                    switch (element.tagName) {","                    case 'INPUT':","                    case 'TEXTAREA':","                        element.value = '';","                        break;","                    default:","                        element.textContent = '';","                    }","                });","            }","            switch (event && event.currentTarget && event.currentTarget.id) {","            case 'testRunButton1':","                // show tests","                if (document.querySelector('#testReportDiv1').style.maxHeight === '0px') {","                    local.uiAnimateSlideDown(document.querySelector('#testReportDiv1'));","                    document.querySelector('#testRunButton1').textContent =","                        'hide internal test';","                    local.modeTest = true;","                    local.testRunDefault(local);","                // hide tests","                } else {","                    local.uiAnimateSlideUp(document.querySelector('#testReportDiv1'));","                    document.querySelector('#testRunButton1').textContent = 'run internal test';","                }","                break;","            // custom-case","            default:","                break;","            }","            if (document.querySelector('#inputTextareaEval1') && (!event || (event &&","                    event.currentTarget &&","                    event.currentTarget.className &&","                    event.currentTarget.className.includes &&","                    event.currentTarget.className.includes('oneval')))) {","                // try to eval input-code","                try {","                    /*jslint evil: true*/","                    eval(document.querySelector('#inputTextareaEval1').value);","                } catch (errorCaught) {","                    console.error(errorCaught);","                }","            }","        };","        // log stderr and stdout to #outputTextareaStdout1","        ['error', 'log'].forEach(function (key) {","            console[key + '_original'] = console[key];","            console[key] = function () {","                var element;","                console[key + '_original'].apply(console, arguments);","                element = document.querySelector('#outputTextareaStdout1');","                if (!element) {","                    return;","                }","                // append text to #outputTextareaStdout1","                element.value += Array.from(arguments).map(function (arg) {","                    return typeof arg === 'string'","                        ? arg","                        : JSON.stringify(arg, null, 4);","                }).join(' ') + '\\n';","                // scroll textarea to bottom","                element.scrollTop = element.scrollHeight;","            };","        });","        // init event-handling","        ['change', 'click', 'keyup'].forEach(function (event) {","            Array.from(document.querySelectorAll('.on' + event)).forEach(function (element) {","                element.addEventListener(event, local.testRunBrowser);","            });","        });","        // run tests","        local.testRunBrowser();","        break;","","","","    // run node js-env code - init-after","    /* istanbul ignore next */","    case 'node':","        // init exports","        module.exports = local;","        // require builtins","        Object.keys(process.binding('natives')).forEach(function (key) {","            if (!local[key] && !(/\\/|^_|^sys$/).test(key)) {","                local[key] = require(key);","            }","        });","        // init assets","        local.assetsDict = local.assetsDict || {};","        [","            'assets.index.css',","            'assets.index.template.html',","            'assets.swgg.swagger.json',","            'assets.swgg.swagger.server.json'","        ].forEach(function (file) {","            file = '/' + file;","            local.assetsDict[file] = local.assetsDict[file] || '';","            if (local.fs.existsSync(local.__dirname + file)) {","                local.assetsDict[file] = local.fs.readFileSync(","                    local.__dirname + file,","                    'utf8'","                );","            }","        });","        local.assetsDict['/'] =","            local.assetsDict['/assets.example.html'] =","            local.assetsDict['/assets.index.template.html']","            .replace((/\\{\\{env\\.(\\w+?)\\}\\}/g), function (match0, match1) {","                // jslint-hack","                String(match0);","                switch (match1) {","                case 'npm_package_description':","                    return 'the greatest app in the world!';","                case 'npm_package_name':","                    return 'sandbox2';","                case 'npm_package_nameAlias':","                    return 'sandbox2';","                case 'npm_package_version':","                    return '0.0.1';","                default:","                    return match0;","                }","            });","        // init cli","        if (module !== require.main || local.global.utility2_rollup) {","            break;","        }","        local.assetsDict['/assets.example.js'] =","            local.assetsDict['/assets.example.js'] ||","            local.fs.readFileSync(__filename, 'utf8');","        // bug-workaround - long $npm_package_buildCustomOrg","        /* jslint-ignore-begin */","        local.assetsDict['/assets.sandbox2.js'] =","            local.assetsDict['/assets.sandbox2.js'] ||","            local.fs.readFileSync(","                local.sandbox2.__dirname + '/lib.sandbox2.js',","                'utf8'","            ).replace((/^#!/), '//');","        /* jslint-ignore-end */","        local.assetsDict['/favicon.ico'] = local.assetsDict['/favicon.ico'] || '';","        // if $npm_config_timeout_exit exists,","        // then exit this process after $npm_config_timeout_exit ms","        if (Number(process.env.npm_config_timeout_exit)) {","            setTimeout(process.exit, Number(process.env.npm_config_timeout_exit));","        }","        // start server","        if (local.global.utility2_serverHttp1) {","            break;","        }","        process.env.PORT = process.env.PORT || '8081';","        console.error('server starting on port ' + process.env.PORT);","        local.http.createServer(function (request, response) {","            request.urlParsed = local.url.parse(request.url);","            if (local.assetsDict[request.urlParsed.pathname] !== undefined) {","                response.end(local.assetsDict[request.urlParsed.pathname]);","                return;","            }","            response.statusCode = 404;","            response.end();","        }).listen(process.env.PORT);","        break;","    }","}());"],"l":{"125":2,"127":2,"132":2,"134":2,"136":2,"137":2,"138":2,"143":1,"150":2,"154":2,"158":2,"160":2,"168":1,"169":2,"175":2,"178":2,"181":2,"182":2,"184":1,"188":2,"191":1,"192":1,"193":1,"195":1,"196":1,"199":1,"200":1,"202":1,"205":1,"207":2,"213":1,"215":1,"217":1,"222":1,"223":2,"224":2,"225":4,"226":4,"227":4,"228":4,"229":1,"232":4,"233":4,"238":4,"242":1,"243":3,"244":1,"248":1,"249":1,"257":1,"259":1,"260":83,"261":1,"265":1,"266":1,"272":4,"273":4,"274":4,"275":1,"281":1,"286":1,"287":1,"289":1,"291":1,"293":1,"295":1,"297":1,"301":1,"302":1,"304":1,"309":1,"316":1,"319":1,"320":1,"323":1,"324":1,"326":1,"327":1,"328":1,"329":1,"330":1,"331":1,"332":1,"334":1,"335":1,"337":1}}}